<?xml version="1.0" encoding="UTF-8"?>
<!-- Generated by org.testng.reporters.JUnitReportReporter -->
<testsuite skipped="0" hostname="WGC10066JC8H2" name="Add" tests="1" failures="0" timestamp="24 Sep 2020 09:04:20 GMT" time="0.019" errors="0">
  <testcase name="addMethod" time="0.019" classname="Add"/>
</testsuite> <!-- Add -->
